<?xml version="1.0" encoding="UTF-8"?>
<testsuite xmlns:xsi="http://www.w3.org/2001/XMLSchema-instance" xsi:schemaLocation="https://maven.apache.org/surefire/maven-surefire-plugin/xsd/surefire-test-report.xsd" name="TestSuite" time="222.486" tests="5" errors="0" skipped="0" failures="2">
  <properties>
[...]
</properties>
  <testcase name="AddToCartBasicFlow" classname="test.java.AddToCartWeaveSocksTest" time="23.88"/>
  <testcase name="CheckOutTestAlternativeFlow1" classname="test.java.CheckOutWeaveSocksTest" time="38.672">
    <failure message="expected [Could not place order. Missing shipping or payment information.1] but found [Could not place order. Missing shipping or payment information.]" type="java.lang.AssertionError">java.lang.AssertionError: expected [Could not place order. Missing shipping or payment information.1] but found [Could not place order. Missing shipping or payment information.]
	at test.java.CheckOutWeaveSocksTest.CheckOutTestAlternativeFlow1(CheckOutWeaveSocksTest.java:67)
</failure>
    <system-err><![CDATA[三月 18, 2019 4:24:49 下午 org.openqa.selenium.remote.DesiredCapabilities chrome
信息: Using `new ChromeOptions()` is preferred to `DesiredCapabilities.chrome()`
三月 18, 2019 4:24:52 下午 org.openqa.selenium.remote.ProtocolHandshake createSession
信息: Detected dialect: OSS
]]></system-err>
  </testcase>
  <testcase name="LoginTestBasicFlow" classname="test.java.LoginWeaveSocksTest" time="27.882"/>
  <testcase name="CheckOutTestAlternativeFlow2" classname="test.java.CheckOutWeaveSocksTest" time="63.878"/>
  <testcase name="CheckOutTestBasicFlow" classname="test.java.CheckOutWeaveSocksTest" time="51.394">
    <failure message="no such element: Unable to locate element: {&quot;method&quot;:&quot;xpath&quot;,&quot;selector&quot;:&quot;//*[@id=&quot;customer-orders&quot;]/div/p[1]&quot;}&#10;  (Session info: chrome=70.0.3538.77)&#10;  (Driver info: chromedriver=2.43.600233 (523efee95e3d68b8719b3a1c83051aa63aa6b10d),platform=Linux 4.14.62-70.117.amzn2.x86_64 x86_64) (WARNING: The server did not provide any stacktrace information)&#10;Command duration or timeout: 0 milliseconds&#10;For documentation on this error, please visit: http://seleniumhq.org/exceptions/no_such_element.html&#10;Build info: version: &apos;3.12.0&apos;, revision: &apos;7c6e0b3&apos;, time: &apos;2018-05-08T14:04:26.12Z&apos;&#10;System info: host: &apos;DESKTOP-OQPFD7J&apos;, ip: &apos;169.254.203.122&apos;, os.name: &apos;Windows 10&apos;, os.arch: &apos;x86&apos;, os.version: &apos;10.0&apos;, java.version: &apos;1.8.0_111&apos;&#10;Driver info: org.openqa.selenium.remote.RemoteWebDriver&#10;Capabilities {acceptInsecureCerts: false, acceptSslCerts: false, applicationCacheEnabled: false, browserConnectionEnabled: false, browserName: chrome, chrome: {chromedriverVersion: 2.43.600233 (523efee95e3d68..., userDataDir: /tmp/.org.chromium.Chromium...}, cssSelectorsEnabled: true, databaseEnabled: false, goog:chromeOptions: {debuggerAddress: localhost:43981}, handlesAlerts: true, hasTouchScreen: false, javascriptEnabled: true, locationContextEnabled: true, mobileEmulationEnabled: false, nativeEvents: true, networkConnectionEnabled: false, pageLoadStrategy: normal, platform: LINUX, platformName: LINUX, rotatable: false, setWindowRect: true, takesHeapSnapshot: true, takesScreenshot: true, unexpectedAlertBehaviour: , unhandledPromptBehavior: , version: 70.0.3538.77, webStorageEnabled: true, webdriver.remote.sessionid: 355d0d18495631c6145402f7e57...}&#10;Session ID: 355d0d18495631c6145402f7e579a994&#10;*** Element info: {Using=xpath, value=//*[@id=&quot;customer-orders&quot;]/div/p[1]}" type="org.openqa.selenium.NoSuchElementException">org.openqa.selenium.NoSuchElementException: 
no such element: Unable to locate element: {"method":"xpath","selector":"//*[@id="customer-orders"]/div/p[1]"}
  (Session info: chrome=70.0.3538.77)
  (Driver info: chromedriver=2.43.600233 (523efee95e3d68b8719b3a1c83051aa63aa6b10d),platform=Linux 4.14.62-70.117.amzn2.x86_64 x86_64) (WARNING: The server did not provide any stacktrace information)
Command duration or timeout: 0 milliseconds
For documentation on this error, please visit: http://seleniumhq.org/exceptions/no_such_element.html
Build info: version: '3.12.0', revision: '7c6e0b3', time: '2018-05-08T14:04:26.12Z'
System info: host: 'DESKTOP-OQPFD7J', ip: '169.254.203.122', os.name: 'Windows 10', os.arch: 'x86', os.version: '10.0', java.version: '1.8.0_111'
Driver info: org.openqa.selenium.remote.RemoteWebDriver
Capabilities {acceptInsecureCerts: false, acceptSslCerts: false, applicationCacheEnabled: false, browserConnectionEnabled: false, browserName: chrome, chrome: {chromedriverVersion: 2.43.600233 (523efee95e3d68..., userDataDir: /tmp/.org.chromium.Chromium...}, cssSelectorsEnabled: true, databaseEnabled: false, goog:chromeOptions: {debuggerAddress: localhost:43981}, handlesAlerts: true, hasTouchScreen: false, javascriptEnabled: true, locationContextEnabled: true, mobileEmulationEnabled: false, nativeEvents: true, networkConnectionEnabled: false, pageLoadStrategy: normal, platform: LINUX, platformName: LINUX, rotatable: false, setWindowRect: true, takesHeapSnapshot: true, takesScreenshot: true, unexpectedAlertBehaviour: , unhandledPromptBehavior: , version: 70.0.3538.77, webStorageEnabled: true, webdriver.remote.sessionid: 355d0d18495631c6145402f7e57...}
Session ID: 355d0d18495631c6145402f7e579a994
*** Element info: {Using=xpath, value=//*[@id="customer-orders"]/div/p[1]}
	at test.java.CheckOutWeaveSocksTest.CheckOutTestBasicFlow(CheckOutWeaveSocksTest.java:126)
</failure>
  </testcase>
</testsuite>